<?xml version="1.0" encoding="UTF-8"?>
<!-- Generated by org.testng.reporters.JUnitReportReporter -->
<testsuite hostname="ARLADM-DEVOPS-1" name="AvivaTest" tests="2" failures="0" timestamp="15 Jun 2017 05:43:50 GMT" time="2.402" errors="0">
  <testcase name="test2" time="1.827" classname="AvivaTest"/>
  <testcase name="test1" time="0.575" classname="AvivaTest"/>
</testsuite> <!-- AvivaTest -->
